n= 101
size= 5050
initialize successful
read success
99 times last
B B B B B A B A A A B A B A A A B A B A B B A A A B B A A A A B A B B A B B B A B B A A A A B B B B A A B B A A A A B A A A B A A B A B B B A B A A B A A A B B A B B A A B A A B A A B B A B A B B B B B 
643.044700

643.045
98 times last
B A A B A A A B A A B A B A A B B A A A A A A B A A A B A B B B B B A B B A B B A B A A A B A A A B B B B B B B A B A A A A B B A A A A A B B B A A A A A A B A A B B A A B B A B A A A A B A B B A A A B 
713.109500

713.109
97 times last
B A B A B A A B A A B A B B A B B A B A A A A B A A B B A B B B A A B A A B B A A A B B B A A B A B A A A B A B B A B A A A A A B A B A B B B B A A A B A A B A A B B B A B B B B A B B B B B B A B A A A 
659.736100

659.736
96 times last
B A A A B B A A A B A B A A B A A A B A B A A B A B A B B B B B A B A B B B B A A B A B B B B B B B A B B B B B B A A B A A B B B B A A A B B B A A A A A B B B B A A B B A B A B A B A A A A B B B B A B 
661.232500

661.232
95 times last
B A B A B A B A B B A A B B A B B B B B B B A A B B B A B A A A B A B A A A A A A A A A A A B A B A A A A A A A A A B A B B B A A B B B B A A A B A B B B A A B A A A A A A A A A B B B B B A A A A B A B 
704.099100

704.099
94 times last
A B A B A B A B A A A A A B A A B B B A A B A A B A B B A A A A B B B A A A A A A B B A A A A B A B A A B B A B B A A B A A A A B A A B B B A B A A B B B B B A A B B B A B B B B A A A B A B A A B A B A 
730.454700

730.455
93 times last
B A B B A A B B A A A B A A B A B A A A A B A B B B B B A A B A A B A A B B A B B B A B A B A B A B A B B B B A B A A A A A B A A A A B A B B A B A A A A A B B A B B A A A B B A A A A A A B A B A A B A 
660.871100

660.871
92 times last
A B A B A B A B A A B A A B A A B B A A A A B A B A B B B B A A B A A B B A B A A B A A B B A A A A A A B B A B B B A B A A A B B A A A A B B B A B A A A B B A A B B B A B B B B A A A B B B A B B A B A 
666.771700

666.772
91 times last
A A B A B A B A B B A B A B B A A A A B B B B B B B B A B A B B A A B B A B A B B A B B B A B A A A B B A A B A B B B B B B A A B B B B B A A A B A B B B B A B B A A A B A A B A B B B B A B A A A A B A 
687.432300

687.432
90 times last
A B A A A B B B B B B A B B B B A A A B A B A A A A A A A B A A B A B A A A A B A A B A B B A A B A B A B A A B A B A A B B A B A A B A B B A A B B B B A B A A A A A B B B A A A A A B B B B B B B A A A 
639.697700

639.698
89 times last
A B A B A B B B A A B A A A A A B B B A A B A A B A A B A A A A B B A A B A A A B B A A A B A B B B A B B B A B B A A A A A B B A A A B B B B B A A A A A A B A A B B B A B B B A A A A A A B A B A A B A 
713.496900

713.497
88 times last
B B A B B A B A B A A B A A B A A A B A B A A B B B B A A A B A A B A B B B A B B B A B A B A B A B A B B B B A B A A A A A B B A A A B A A B A A B A A B A B B B B A A A A B A A A A A A A B A B A A B B 
621.025700

621.026
87 times last
B A A B B B A B A B B A A A A B B A B A A A A B A A A B B A B B B A A A B B B A A B A B B A A B B B A A B B A B B A A A A A A B B A A A B B B B A A A A A A B B A B B B A B B B B A B A A B B B B A A B A 
693.232700

693.233
86 times last
B A B B B A A A B A A B B A B B A A B A B A A B A B A B B B B A A A A B B B B A A B A B B B B B B A A A A B B B B A A B A A B B B B A A A A B B A B A A A B B B B A A A B A B A B A B A A B A B B B B A B 
658.498900

658.499
85 times last
A A B A A A A A B B A A A B B B A A A B B A B B B A A A B B B A A A B B A A A B A B B B B A B A A A B A A A B A A B A B B B B B A A A A B A B B B B A B A B A B B A A B B B A B A B B B B A B A A A A A A 
653.553500

653.554
84 times last
A B A B A B B B A A A B A A B A A B A A A B A A B B B B A A A A B B B B A B A A A B B B A B A B A B A B B B B B B A A B A A A A B A A B A B B A A B A B B B B A A B B B A A B B B A A A B A B A A B A B B 
709.275700

709.276
83 times last
A B B A A B B B B B A B A B B A B B A B A B B A B A B A B A A A B A B A A A B B B A B B A A A A A A B A A A A A B B B B B B A B B A B A B A A A B B B B B B A A B A A A B B A B A B B B B A B A A A A B A 
673.062700

673.063
82 times last
A A A A A B A B A A B B B B A B B B A B A A B B A A A B B B B B B B A B A A B A A A B A B B A A A A B B A A B B A B A B A A A B B A A A A B B B A B A A A B B A A B B B A B B B B B B A A B A B B A A B A 
680.314900

680.315
81 times last
A B A B A B A B A A B A A B A B B B A A A B A A B A A B A A B A B B A A B A A A A B A A A B A B B B B B B B B B B A A A A A A B B A B B A B B A A A A A A A B A A B B B A B B A A A A A A A B B B B A A A 
671.135900

671.136
80 times last
A B A B A B A B A A A A A B A A B B B A A B A A B A B B A A A A B A B A A A A A A B B A A A A B A B A A B B A B B A A B A A A A B B B B B B A B A B B B B B B A A B B B A B B B A A A A B A B A A B B B A 
730.747700

730.748
79 times last
B A B B B A A A B A A B B A B A A A A B B A A B A B A A A B B B A B A B B B B B B B B B A B A B A B B B A B B A B A A A A A B A B A A B A B B A A B A A B A B B B A A A B A B A A A A A A A B B B A A A A 
661.976700

661.977
78 times last
B B A B A B B A A A A A A A A A B B B A B B A A B B A B A A A A A B A A B A A A B B A A A B B B B B A A B B A B B A A A A A B B A B A B B B A B B A B A B A B B A B B A A A A A A A A A A A A A B B B A A 
670.036900

670.037
77 times last
A B A B A B B A B B A B A A B A A B B B A B B A B B A B A A B A A B A B B B A B B B B A A B A B B A B B B B B A A A A B B B B B A B A B A A B A B B B B B B A B A A A B B A A A A B A B A A B A A A B A B 
685.053900

685.054
76 times last
B A A B A B A B A A B A B A A B B A A A A A A A A A A B A B A A B B A A B A B A A B A A A B A B B B A B B B A B A A A A A A B B A A A B A B B B A B A A A A B B A B B A A B B A A A A A A B A A B A A B A 
704.767700

704.768
75 times last
B B B A B A A A A B A B A B B A B A A B B B B B B A B A B A B B A A A A A B B B B A A B A A B A A B B A A A A A B B B A B B A A B A B A B A A A B A A B B A A A B A A A B A A B B B B A A B A A A B A A A 
627.200700

627.201
74 times last
A A A A A A A A B A A A A B B A A A A B B A B B B A A A A B A B A A A B A A A A B A B A B A A A B A B B A A A B A B A B B B B A A B B B B A A A B B B B B B A B B B A B B B A A A B A B A B B B B B B A A 
639.770900

639.771
73 times last
A A A A A B B B A A B A B B A B A B A B A A B B A A A B A B B B A B A B A A B B A A B A B B A A A A B B A A B B A B A B A B B B A A A A A B B B B B A A A A B A A B B B A B B A B B A A A B A B B A A A B 
702.051100

702.051
72 times last
A A A A A B A B B A B A B B B B A B A B B A B B B A A B A B A A B B A B A A A A A A B A B B A A B A B B A A A B A B A B B B B A A B B B A A A A B B A B A B A A A B A B B B A A A B A B A B A B B A B A B 
627.160500

627.16
71 times last
A B A B A B B B A A B A B A B B B A B A A B A A A A A B A A A A B B A A B A B B A B A A A B A B B B A A B B A B A A A A A A A B B A A A A B B B A B A A A B B A A B B B A B B A B A A A A A B B B A A B A 
683.424700

683.425
70 times last
B A B B B A A A B A A B A B B A A A B B B B A B B B B A A A B B A A A B A B A A B A B B B A A B B B B B A B A A B A A A A A B A B B B B B A A A A B B B B A A B B B A B B B A A A B A B A A B B A B B A A 
686.325900

686.326
69 times last
A B B A B A B A B B B B B A A B B B A B B A B A A B B A B A A B B A B B B A B B A A A A B A B A A A A A A A B A A B B B B B B B A B A A A A A B B A B A A B A B B A B A A B A B B B B B B B A A B A A B A 
676.918900

676.919
68 times last
B A A B B A B A A B B A B A A B B A B A B B A A A B A B B B B B B B B A B B B A B B A A A A B B B B A A B B A B A A B A A A B A A A A B B B A B A A B A A A B B A A B A A A B B B A B B B B A B B B B B A 
642.599700

642.6
67 times last
A B A A A B B B A A B A B B A B B B A A A B A A B A B A A A A A B A B A A A A B B A A A A A A A A B A A B A A B A B B A B A A A A A B B B B A A A A A B B A A A A B B B A A B B A A A A B B B A B A A B A 
616.811900

616.812
66 times last
A B B A A B A B A B A B A B B A A B A B A B B A B A B A A A B A A B A B A B A B B A B B A B A B A B B B A A B A B B A B B B A A B A B B A B B A B A A B B B A A B B A B B A A A A B A A A A B A A B A A B 
600.852300

600.852
65 times last
A B B A A A B A B A B A B B A B A B B B A B B A B A B A A B A A A A B A A A A B B A B A B A B A A A B A A A A A A B B B B B B A A B B A B A A A B B B B B B A A B A B B B B A A A B A B B B B A A B B A B 
698.663900

698.664
64 times last
B A B A B A B A B B B A B B A B A A B B B A A B A B A A B B A B A A B A B A B A B A A A B A B A B A A A A A A A A B B A B B B B A B B A B A A B B B B A A A A B B A A A B B A A A B B B B B A B B A B A A 
704.829500

704.829
63 times last
A A A A B B A B A A B B B B B B A A A B A A B B A A B A A B A B B A A B A A B B A A B B B A A A A A B B A A A B A B A B B A A A B A B A A A A B A B A B B B A A B B B B A B B B A B A A A B B B B A A B B 
655.892100

655.892
62 times last
B A B A B A A B A A B A B B A B B A A A B A A B A A B A B B A B B A A A A A B A A A A A B A A A A B A A A A A B A B B A A A B A B A B A B B A B A A A A A A A A A B B A A B B B B A B B B B A B B A A B A 
677.783700

677.784
61 times last
B A A B A B A B A A B A B A A B B A A A B B A A A A A B A B A A B B A A B A B A A B A A A B A B B B A B B B A B A A A A A A B A A A A B A B B B A A A A A A B B A B B A A A B A A A A A B B A A B A B B B 
701.511100

701.511
60 times last
B B B A B B A A B B A B A A B A B B B A B B B A B B B A B A A A B A B A B B B A B A A B A A B B B B A A B B A A B A B B B B A A B B B B A A A A A A B B B B A B B A A A B A A B B B B B B A A A A B B B A 
689.998700

689.999
59 times last
B A A B A B B B A A B A B A B B A A A A A A A B A A A B A B B B A B A B B B A B A B A A B B A B B B A B B B B B A A A A A A B B A A A B A B B B A B A A A A B B A B B B A B B A A A A A A A B B B A A A B 
734.892700

new best! 734.893
58 times last
B B B A B B A A B B A B A A B A A B B B B A B B B B A A B A B A A A A B B B B B B A B B B B B A A A B A A A B A B B B B B B A B B B B A A A A A B B B A B B A A B A A A B A A A B B B A A B A B A B B A B 
659.986100

659.986
57 times last
A B B A A B B A B B A B A A B A A B B B A B B A B B A A A A B A A B A B B B A B B B B B A B B B B B B B B A B A A A A B B B B B A B B A A A B A B A B B B A A A B A A B B A A A A B B A A A A A A A B A B 
669.017300

669.017
56 times last
A A A A B B A B A A B A B B A A B B A A B B B A B A B B A B A A B A A B A A B A A B B A B A A A A B A A B B A B B B A B A A A A B B B B A A A B A B A B B B B A A B B B A B B B A A A A B B B A A B B B A 
661.758500

661.758
55 times last
A B A B A B A B A A B A A A B A A A A A A A A B A A B B A B B A A B A B B B A B A B A A B B A B A B A B B B B B B A A B A A B B A A A B A B B B A B A A A A B A A B B B A B B B B A A A A A B A B A A B B 
713.285500

713.285
54 times last
B A A B B B A B A B B A B A A B B A B A B A A B A A A B B B B B B A A A B B B A A B A B B B A B B B A A B B A B B A A A A A A B B A B A A B B B A B A A A A B B A B A B A A B B B A B A A B A B B A A A A 
691.062700

691.063
53 times last
A B A B A B A B A B A B A A B A A A B A A B A A B A A B A A B A A B A A A B A A B B B B A B A B B B B B B B B B B A A A A A A B B A B B B B B A A A A B B A B A A B A B B A A A A A A A A A B B A B A A A 
705.737900

705.738
52 times last
A B A B A B B B A B B A A A B B A B A B A B B A B A A B A A B A B B A B B A A B A B A A A B A A B A B B A A B A A B A A A B B B A A A B A B B A B A A A A A A A A B B B A B B A A B A A A A B A B A A A B 
656.385300

656.385
51 times last
B A A B B A A B A A A B A A B A B A A A A A A B A B B B B A B B A B A B B B B B A B A B A B A B A B A B B B B B B A A A A A B B B A A B A B B B A A A A A A B B A B B A A A B B B A B A A A A A B A A B A 
689.284500

689.284
50 times last
A B B A B A A A B B A B A B B A A B A B B B B B B B B A B A A B A A B A A B A A B A A B B A B A B B B B A A A A B B B B B B A A B B B B B A A A B A B B B B A B B A A A B A A B B B B B A A A A A B B A A 
694.027300

694.027
49 times last
B A B B A A A B A A A B A A B A B A B A A B A B B B B B A A B A B B B A B B A A B B A B A A A B A B A B B B B A B A B A A A A A B A A B A B B A A A A B A A B B A B A A A A B B A A A A B A B A A A A B A 
631.998900

631.999
48 times last
A A B A A B A A B B A A A B A A A B A B B A B A B A A A B B A B A A A B A A B B B A B A B A B A A A B A A A A A A B B B B B B B A B A A B A A B B A B A B B A B B A A B B B A B A B B B B B A A A B B A A 
654.589500

654.589
47 times last
A B A B A B B A B B B A B A B B A A B B A B A A A B A B A B A A A B B A B A A B A B A A A B A B B A A A B A B B A A A A B B A B A B A A B B B A B B B B A A A B A A A A B A A A A A A A B A A B B A B A B 
653.983900

653.984
46 times last
A B A B A B B B A A A A A A A A A A B A A B A A B A B B A A A A A B A A A A A B A B B A A B A B A B A B B B A B B A A B B A A B B A A B B B B B A B B B B B B A A B B B A B B B A A A A B A B A A B A B B 
680.567900

680.568
45 times last
B A A B A B A B A A B A B A B B A A A B A A A B A A A B A B B B A B A B A A B B A B B A B B A A A B B B A B B B A B A A A A B B A A A B A B B B A B A A A A B A A B B B A B B A A A A A A A B B B A A A B 
705.331300

705.331
44 times last
B A A B A A B B A A B A B A A B B A A A A A A A A A A B A B B A B B A A B A B B A B A A A B A B B B A B B B B B A A A A A A B B A A A B A B B A A A A A A A B A A B B A A A B A A A A A A B A A B A A A B 
720.100700

720.101
43 times last
B B B B A A B A B B A B A A B A A B B B A B B A B B A A B A B A A B A A B B A B B B A A A B B B B A B A A A B A A A B A B B B B A B A A B A A A B A B A B A A B B A A A B A A A A B B A A A A A A A B A A 
688.085700

688.086
42 times last
A A B A B B A A B B A A A B A A B B B B B B B A B A B A B A A A B A B A A A A A A A A B B A B A B A A A A A A A B B B B B B A A A B B B B A A B B A B B B B A B B A A A A B A B A B B B B B A A A B B B A 
726.690100

726.69
41 times last
Error
A A B A B A A A B B A A B B A B B A A B B A B B B A B A B B A B B A B B A A A A A A B B B A B A A A B A A A A B B B A B B B A A B B B B B A A A B B B B B B A A B A A A B B A B A A B B B B A A A B B A A 
3105036184601417870297958976925005110513772034233393222278104076052101905372753772661756817657292955900975461394262146412343160088229628782888574550082362278408909952041699811100530571263196889650525998387432937501785693707632115712.000000

